2019-08-07 14:48:27,573 - LogInfo - start nmap scan service...
2019-08-07 16:22:33,017 - LogInfo - start weak pass thread
2019-08-07 16:22:33,018 - LogInfo - start weak pass scan...
2019-08-07 16:23:10,505 - LogInfo - start weak pass thread
2019-08-07 16:23:10,505 - LogInfo - start weak pass scan...
2019-08-07 16:23:33,068 - LogInfo - start weak pass thread
2019-08-07 16:23:33,068 - LogInfo - start weak pass scan...
2019-08-07 16:23:33,287 - LogInfo - finsh weak pass scan.
2019-08-07 16:24:57,280 - LogInfo - start weak pass thread
2019-08-07 16:24:57,281 - LogInfo - start weak pass scan...
2019-08-07 16:24:57,495 - LogInfo - finsh weak pass scan.
2019-08-07 16:25:13,631 - LogInfo - start weak pass thread
2019-08-07 16:25:13,633 - LogInfo - start weak pass scan...
2019-08-07 16:25:15,718 - LogInfo - finsh weak pass scan.
2019-08-07 16:29:49,100 - LogInfo - start weak pass thread
2019-08-07 16:29:49,101 - LogInfo - start weak pass scan...
2019-08-11 16:26:39,635 - LogInfo - start nmap scan service...
2019-08-11 16:27:34,186 - LogInfo - start nmap scan service...
2019-08-11 16:38:05,204 - LogInfo - finsh nmap scan ...
2019-08-11 16:38:05,204 - LogInfo - start save result ...
2019-08-11 16:38:05,205 - LogInfo - finsh save result ...
2019-08-11 16:38:05,205 - LogInfo - start Title recognition ...
2019-08-11 16:38:05,205 - LogInfo - start Title recognition ...
2019-08-11 16:38:40,082 - LogInfo - finsh Title recognition ...
2019-08-11 16:38:40,082 - LogInfo - finsh Title recognition ...
2019-08-11 16:38:40,082 - LogInfo - start weak pass thread
2019-08-11 16:38:40,082 - LogInfo - start weak pass thread
2019-08-11 16:38:40,082 - LogInfo - start weak pass thread
2019-08-11 16:38:40,084 - LogInfo - start weak pass scan...
2019-08-11 16:38:40,084 - LogInfo - start weak pass scan...
2019-08-11 16:38:40,084 - LogInfo - start weak pass scan...
2019-08-11 16:38:41,772 - LogInfo - finsh weak pass scan.
2019-08-11 16:38:41,772 - LogInfo - finsh weak pass scan.
2019-08-11 16:38:41,772 - LogInfo - finsh weak pass scan.
2019-08-20 15:31:03,499 - LogInfo - start nmap scan service...
2019-08-20 15:44:05,950 - LogInfo - finsh nmap scan ...
2019-08-20 15:44:05,951 - LogInfo - start save result ...
2019-08-20 15:44:05,952 - LogInfo - finsh save result ...
2019-08-20 15:44:05,952 - LogInfo - start Title recognition ...
2019-08-20 15:44:05,952 - LogInfo - start Title recognition ...
2019-08-20 15:47:52,044 - LogInfo - finsh Title recognition ...
2019-08-20 15:47:52,044 - LogInfo - finsh Title recognition ...
2019-08-20 15:47:52,044 - LogInfo - start weak pass thread
2019-08-20 15:47:52,044 - LogInfo - start weak pass thread
2019-08-20 15:47:52,044 - LogInfo - start weak pass thread
2019-08-20 15:47:52,045 - LogInfo - start weak pass scan...
2019-08-20 15:47:52,045 - LogInfo - start weak pass scan...
2019-08-20 15:47:52,045 - LogInfo - start weak pass scan...
2019-08-20 15:47:52,709 - LogInfo - finsh weak pass scan.
2019-08-20 15:47:52,709 - LogInfo - finsh weak pass scan.
2019-08-20 15:47:52,709 - LogInfo - finsh weak pass scan.
2019-09-19 11:12:06,197 - LogInfo - start nmap scan service...
2019-09-19 11:14:57,874 - LogInfo - finsh nmap scan ...
2019-09-19 11:14:57,874 - LogInfo - start save result ...
2019-09-19 11:14:57,877 - LogInfo - finsh save result ...
2019-09-19 11:14:57,878 - LogInfo - start Title recognition ...
2019-09-19 11:14:57,878 - LogInfo - start Title recognition ...
2019-09-19 11:15:57,318 - LogInfo - finsh Title recognition ...
2019-09-19 11:15:57,318 - LogInfo - finsh Title recognition ...
2019-09-19 11:15:57,319 - LogInfo - start weak pass thread
2019-09-19 11:15:57,319 - LogInfo - start weak pass thread
2019-09-19 11:15:57,319 - LogInfo - start weak pass thread
2019-09-19 11:15:57,319 - LogInfo - start weak pass scan...
2019-09-19 11:15:57,319 - LogInfo - start weak pass scan...
2019-09-19 11:15:57,319 - LogInfo - start weak pass scan...
2019-09-19 11:15:57,702 - LogInfo - finsh weak pass scan.
2019-09-19 11:15:57,702 - LogInfo - finsh weak pass scan.
2019-09-19 11:15:57,702 - LogInfo - finsh weak pass scan.
2019-12-06 15:51:44,131 - LogInfo - start nmap scan service...
2019-12-06 15:54:14,783 - LogInfo - finsh nmap scan ...
2019-12-06 15:54:14,783 - LogInfo - start save result ...
2019-12-06 15:54:14,784 - LogInfo - finsh save result ...
2019-12-06 15:54:14,785 - LogInfo - start Title recognition ...
2019-12-06 15:54:14,785 - LogInfo - start Title recognition ...
2019-12-06 15:54:27,619 - LogInfo - finsh Title recognition ...
2019-12-06 15:54:27,619 - LogInfo - finsh Title recognition ...
2019-12-06 15:54:27,619 - LogInfo - start weak pass thread
2019-12-06 15:54:27,619 - LogInfo - start weak pass thread
2019-12-06 15:54:27,619 - LogInfo - start weak pass thread
2019-12-06 15:54:27,619 - LogInfo - start weak pass scan...
2019-12-06 15:54:27,619 - LogInfo - start weak pass scan...
2019-12-06 15:54:27,619 - LogInfo - start weak pass scan...
2019-12-06 15:54:28,752 - LogInfo - finsh weak pass scan.
2019-12-06 15:54:28,752 - LogInfo - finsh weak pass scan.
2019-12-06 15:54:28,752 - LogInfo - finsh weak pass scan.
2019-12-06 16:47:50,542 - LogInfo - start nmap scan service...
2019-12-06 17:05:34,131 - LogInfo - finsh nmap scan ...
2019-12-06 17:05:34,131 - LogInfo - start save result ...
2019-12-06 17:05:34,133 - LogInfo - finsh save result ...
2019-12-06 17:05:34,133 - LogInfo - start Title recognition ...
2019-12-06 17:05:34,133 - LogInfo - start Title recognition ...
2019-12-06 17:07:49,508 - LogInfo - finsh Title recognition ...
2019-12-06 17:07:49,508 - LogInfo - finsh Title recognition ...
2019-12-06 17:07:49,508 - LogInfo - start weak pass thread
2019-12-06 17:07:49,508 - LogInfo - start weak pass thread
2019-12-06 17:07:49,508 - LogInfo - start weak pass thread
2019-12-06 17:07:49,509 - LogInfo - start weak pass scan...
2019-12-06 17:07:49,509 - LogInfo - start weak pass scan...
2019-12-06 17:07:49,509 - LogInfo - start weak pass scan...
2019-12-06 17:07:49,866 - LogInfo - finsh weak pass scan.
2019-12-06 17:07:49,866 - LogInfo - finsh weak pass scan.
2019-12-06 17:07:49,866 - LogInfo - finsh weak pass scan.
2019-12-18 11:29:40,549 - LogInfo - start nmap scan service...
2019-12-18 11:47:48,219 - LogInfo - finsh nmap scan ...
2019-12-18 11:47:48,219 - LogInfo - start save result ...
2019-12-18 11:47:48,220 - LogInfo - finsh save result ...
2019-12-18 11:47:48,220 - LogInfo - start Title recognition ...
2019-12-18 11:47:48,220 - LogInfo - start Title recognition ...
2019-12-18 11:52:11,011 - LogInfo - finsh Title recognition ...
2019-12-18 11:52:11,011 - LogInfo - finsh Title recognition ...
2019-12-18 11:52:11,011 - LogInfo - start weak pass thread
2019-12-18 11:52:11,011 - LogInfo - start weak pass thread
2019-12-18 11:52:11,011 - LogInfo - start weak pass thread
2019-12-18 11:52:11,012 - LogInfo - start weak pass scan...
2019-12-18 11:52:11,012 - LogInfo - start weak pass scan...
2019-12-18 11:52:11,012 - LogInfo - start weak pass scan...
2019-12-18 11:52:12,554 - LogInfo - finsh weak pass scan.
2019-12-18 11:52:12,554 - LogInfo - finsh weak pass scan.
2019-12-18 11:52:12,554 - LogInfo - finsh weak pass scan.
2020-01-30 15:33:43,415 - LogInfo - start nmap scan service...
